Using pre-set license
Built from '2020.3/release' branch; Version is '2020.3.27f1 (e759542391ea) revision 15161684'; Using compiler version '192528614'; Build Type 'Release'
OS: 'Windows 10  (10.0.19044) 64bit Professional' Language: 'en' Physical Memory: 15888 MB
BatchMode: 1, IsHumanControllingUs: 0, StartBugReporterOnCrash: 0, Is64bit: 1, IsPro: 0

COMMAND LINE ARGUMENTS:
C:\Program Files\Unity\Hub\Editor\2020.3.27f1\Editor\Unity.exe
-adb2
-batchMode
-noUpm
-name
AssetImportWorker0
-projectPath
C:/Users/victo/Documents/GitHub/FallenGods/FallenGod
-logFile
Logs/AssetImportWorker0.log
-srvPort
52858
Successfully changed project path to: C:/Users/victo/Documents/GitHub/FallenGods/FallenGod
C:/Users/victo/Documents/GitHub/FallenGods/FallenGod
Using Asset Import Pipeline V2.
Refreshing native plugins compatible for Editor in 65.97 ms, found 3 plugins.
Preloading 0 native plugins for Editor in 0.00 ms.
Initialize engine version: 2020.3.27f1 (e759542391ea)
[Subsystems] Discovering subsystems at path C:/Program Files/Unity/Hub/Editor/2020.3.27f1/Editor/Data/Resources/UnitySubsystems
[Subsystems] Discovering subsystems at path C:/Users/victo/Documents/GitHub/FallenGods/FallenGod/Assets
GfxDevice: creating device client; threaded=0
Direct3D:
    Version:  Direct3D 11.0 [level 11.1]
    Renderer: NVIDIA GeForce GTX 1050 Ti with Max-Q Design (ID=0x1c8c)
    Vendor:   
    VRAM:     4018 MB
    Driver:   30.0.14.7234
Initialize mono
Mono path[0] = 'C:/Program Files/Unity/Hub/Editor/2020.3.27f1/Editor/Data/Managed'
Mono path[1] = 'C:/Program Files/Unity/Hub/Editor/2020.3.27f1/Editor/Data/MonoBleedingEdge/lib/mono/unityjit'
Mono config path = 'C:/Program Files/Unity/Hub/Editor/2020.3.27f1/Editor/Data/MonoBleedingEdge/etc'
Using monoOptions --debugger-agent=transport=dt_socket,embedding=1,server=y,suspend=n,address=127.0.0.1:56584
Begin MonoManager ReloadAssembly
Registering precompiled unity dll's ...
Register platform support module: C:/Program Files/Unity/Hub/Editor/2020.3.27f1/Editor/Data/PlaybackEngines/WindowsStandaloneSupport/UnityEditor.WindowsStandalone.Extensions.dll
Registered in 0.002841 seconds.
Native extension for WindowsStandalone target not found
Refreshing native plugins compatible for Editor in 79.08 ms, found 3 plugins.
Preloading 0 native plugins for Editor in 0.00 ms.
Mono: successfully reloaded assembly
- Completed reload, in  0.829 seconds
Domain Reload Profiling:
	ReloadAssembly (830ms)
		BeginReloadAssembly (88ms)
			ExecutionOrderSort (0ms)
			DisableScriptedObjects (0ms)
			BackupInstance (0ms)
			ReleaseScriptingObjects (0ms)
			CreateAndSetChildDomain (1ms)
		EndReloadAssembly (651ms)
			LoadAssemblies (85ms)
			RebuildTransferFunctionScriptingTraits (0ms)
			SetupTypeCache (189ms)
			ReleaseScriptCaches (0ms)
			RebuildScriptCaches (44ms)
			SetupLoadedEditorAssemblies (271ms)
				LogAssemblyErrors (0ms)
				InitializePlatformSupportModulesInManaged (6ms)
				SetLoadedEditorAssemblies (0ms)
				RefreshPlugins (79ms)
				BeforeProcessingInitializeOnLoad (20ms)
				ProcessInitializeOnLoadAttributes (123ms)
				ProcessInitializeOnLoadMethodAttributes (43ms)
				AfterProcessingInitializeOnLoad (0ms)
				EditorAssembliesLoaded (0ms)
			ExecutionOrderSort2 (0ms)
			AwakeInstancesAfterBackupRestoration (0ms)
Platform modules already initialized, skipping
Registering precompiled user dll's ...
Registered in 0.008190 seconds.
Begin MonoManager ReloadAssembly
Native extension for WindowsStandalone target not found
Refreshing native plugins compatible for Editor in 70.58 ms, found 3 plugins.
Preloading 0 native plugins for Editor in 0.00 ms.
Mono: successfully reloaded assembly
- Completed reload, in  1.434 seconds
Domain Reload Profiling:
	ReloadAssembly (1435ms)
		BeginReloadAssembly (181ms)
			ExecutionOrderSort (0ms)
			DisableScriptedObjects (5ms)
			BackupInstance (0ms)
			ReleaseScriptingObjects (0ms)
			CreateAndSetChildDomain (21ms)
		EndReloadAssembly (1181ms)
			LoadAssemblies (124ms)
			RebuildTransferFunctionScriptingTraits (0ms)
			SetupTypeCache (375ms)
			ReleaseScriptCaches (1ms)
			RebuildScriptCaches (62ms)
			SetupLoadedEditorAssemblies (479ms)
				LogAssemblyErrors (0ms)
				InitializePlatformSupportModulesInManaged (5ms)
				SetLoadedEditorAssemblies (0ms)
				RefreshPlugins (71ms)
				BeforeProcessingInitializeOnLoad (108ms)
				ProcessInitializeOnLoadAttributes (258ms)
				ProcessInitializeOnLoadMethodAttributes (26ms)
				AfterProcessingInitializeOnLoad (11ms)
				EditorAssembliesLoaded (0ms)
			ExecutionOrderSort2 (0ms)
			AwakeInstancesAfterBackupRestoration (9ms)
Platform modules already initialized, skipping
========================================================================
Worker process is ready to serve import requests
Launched and connected shader compiler UnityShaderCompiler.exe after 0.06 seconds
Refreshing native plugins compatible for Editor in 0.63 ms, found 3 plugins.
Preloading 0 native plugins for Editor in 0.00 ms.
Unloading 2425 Unused Serialized files (Serialized files now loaded: 0)
System memory in use before: 105.5 MB.
System memory in use after: 105.5 MB.

Unloading 35 unused Assets to reduce memory usage. Loaded Objects now: 2854.
Total: 3.943700 ms (FindLiveObjects: 0.233400 ms CreateObjectMapping: 0.135000 ms MarkObjects: 3.420700 ms  DeleteObjects: 0.153400 ms)

AssetImportParameters requested are different than current active one (requested -> active):
  custom:framework-win-MediaFoundation: 216162199b28c13a410421893ffa2e32 -> 
  custom:video-decoder-ogg-theora: a1e56fd34408186e4bbccfd4996cb3dc -> 
  custom:container-muxer-webm: aa71ff27fc2769a1b78a27578f13a17b -> 
  custom:container-demuxer-webm: 4f35f7cbe854078d1ac9338744f61a02 -> 
  custom:container-demuxer-ogg: 62fdf1f143b41e24485cea50d1cbac27 -> 
  custom:video-encoder-webm-vp8: eb34c28f22e8b96e1ab97ce403110664 -> 
  custom:video-codec-MediaFoundation-h265: 746d11721c4dcdbdad8f713fa42b33f4 -> 
  custom:video-decoder-webm-vp8: 9c59270c3fd7afecdb556c50c9e8de78 -> 
  custom:audio-decoder-ogg-vorbis: bf7c407c2cedff20999df2af8eb42d56 -> 
  custom:audio-encoder-webm-vorbis: bf7c407c2cedff20999df2af8eb42d56 -> 
========================================================================
Received Import Request.
  path: Assets/VICTORASSET/VicAssets/Shop/simple_platformer_tileset_by_kucingbudhug_d9iyp1s (1)_17.asset
  artifactKey: Guid(0c01d8194319b0441ad2dbcdd7437577) Importer(815301076,1909f56bfc062723c751e8b465ee728b)
Start importing Assets/VICTORASSET/VicAssets/Shop/simple_platformer_tileset_by_kucingbudhug_d9iyp1s (1)_17.asset using Guid(0c01d8194319b0441ad2dbcdd7437577) Importer(815301076,1909f56bfc062723c751e8b465ee728b)  -> (artifact id: 'ccabb7138e52e16034aa729a219f9d00') in 0.094235 seconds 
  Import took 0.098391 seconds .

========================================================================
Received Import Request.
  Time since last request: 0.000328 seconds.
  path: Assets/VICTORASSET/VicAssets/Shop/simple_platformer_tileset_by_kucingbudhug_d9iyp1s (1)_29.asset
  artifactKey: Guid(4ed60243ed333a24ca9609c5c74cf741) Importer(815301076,1909f56bfc062723c751e8b465ee728b)
Start importing Assets/VICTORASSET/VicAssets/Shop/simple_platformer_tileset_by_kucingbudhug_d9iyp1s (1)_29.asset using Guid(4ed60243ed333a24ca9609c5c74cf741) Importer(815301076,1909f56bfc062723c751e8b465ee728b)  -> (artifact id: 'd5ce9ac6005cb9887bb64b0f74e54ecf') in 0.010518 seconds 
  Import took 0.014519 seconds .

========================================================================
Received Import Request.
  Time since last request: 0.000328 seconds.
  path: Assets/VICTORASSET/VicAssets/Shop/simple_platformer_tileset_by_kucingbudhug_d9iyp1s (1)_30.asset
  artifactKey: Guid(d0d9468b12cc53048addb1d3958cf629) Importer(815301076,1909f56bfc062723c751e8b465ee728b)
Start importing Assets/VICTORASSET/VicAssets/Shop/simple_platformer_tileset_by_kucingbudhug_d9iyp1s (1)_30.asset using Guid(d0d9468b12cc53048addb1d3958cf629) Importer(815301076,1909f56bfc062723c751e8b465ee728b)  -> (artifact id: '7339afc3f26536ba55041e725b743619') in 0.012190 seconds 
  Import took 0.016421 seconds .

========================================================================
Received Import Request.
  Time since last request: 0.000322 seconds.
  path: Assets/VICTORASSET/VicAssets/tilesetOpenGameBackground_1.png
  artifactKey: Guid(f172e2451557aff4a82c1f7cc1553241) Importer(815301076,1909f56bfc062723c751e8b465ee728b)
Start importing Assets/VICTORASSET/VicAssets/tilesetOpenGameBackground_1.png using Guid(f172e2451557aff4a82c1f7cc1553241) Importer(815301076,1909f56bfc062723c751e8b465ee728b)  -> (artifact id: 'b41f1387101be8926948aa53767159fd') in 0.049145 seconds 
  Import took 0.053967 seconds .

========================================================================
Received Import Request.
  Time since last request: 0.000356 seconds.
  path: Assets/VICTORASSET/1268190.jpg
  artifactKey: Guid(37b850d0ee448fd4a8c3f2ba57a96030) Importer(815301076,1909f56bfc062723c751e8b465ee728b)
Start importing Assets/VICTORASSET/1268190.jpg using Guid(37b850d0ee448fd4a8c3f2ba57a96030) Importer(815301076,1909f56bfc062723c751e8b465ee728b)  -> (artifact id: 'f48141e9b224582ea0e418c2519a0686') in 0.028267 seconds 
  Import took 0.032682 seconds .

========================================================================
Received Import Request.
  Time since last request: 0.000255 seconds.
  path: Assets/VICTORASSET/VicAssets/Shop/simple_platformer_tileset_by_kucingbudhug_d9iyp1s (1)_43.asset
  artifactKey: Guid(2d852c5960eabbc4a8ec5012f3239fe5) Importer(815301076,1909f56bfc062723c751e8b465ee728b)
Start importing Assets/VICTORASSET/VicAssets/Shop/simple_platformer_tileset_by_kucingbudhug_d9iyp1s (1)_43.asset using Guid(2d852c5960eabbc4a8ec5012f3239fe5) Importer(815301076,1909f56bfc062723c751e8b465ee728b)  -> (artifact id: 'a726a49612bbfec0982b8c12d59c6840') in 0.012943 seconds 
  Import took 0.017743 seconds .

========================================================================
Received Import Request.
  Time since last request: 0.000306 seconds.
  path: Assets/VICTORASSET/Olympuss 1.png
  artifactKey: Guid(e5ce9defb9654284b837a93c8a4446f3) Importer(815301076,1909f56bfc062723c751e8b465ee728b)
Start importing Assets/VICTORASSET/Olympuss 1.png using Guid(e5ce9defb9654284b837a93c8a4446f3) Importer(815301076,1909f56bfc062723c751e8b465ee728b)  -> (artifact id: '4d9f2e530a34acc8dbf8ce79e546578e') in 0.031901 seconds 
  Import took 0.036571 seconds .

========================================================================
Received Import Request.
  Time since last request: 0.000346 seconds.
  path: Assets/VICTORASSET/VicAssets/Shop/simple_platformer_tileset_by_kucingbudhug_d9iyp1s (1)_33.asset
  artifactKey: Guid(71295cf07b36c394a99d49e7fcd3058a) Importer(815301076,1909f56bfc062723c751e8b465ee728b)
Start importing Assets/VICTORASSET/VicAssets/Shop/simple_platformer_tileset_by_kucingbudhug_d9iyp1s (1)_33.asset using Guid(71295cf07b36c394a99d49e7fcd3058a) Importer(815301076,1909f56bfc062723c751e8b465ee728b)  -> (artifact id: '5e9535f1ea81efc1e8d008d520d0c99a') in 0.013480 seconds 
  Import took 0.018973 seconds .

========================================================================
Received Import Request.
  Time since last request: 0.000349 seconds.
  path: Assets/VICTORASSET/VicAssets/Shop/simple_platformer_tileset_by_kucingbudhug_d9iyp1s (1)_6.asset
  artifactKey: Guid(9c59461fdaa8e29499f7f4b45904e704) Importer(815301076,1909f56bfc062723c751e8b465ee728b)
Start importing Assets/VICTORASSET/VicAssets/Shop/simple_platformer_tileset_by_kucingbudhug_d9iyp1s (1)_6.asset using Guid(9c59461fdaa8e29499f7f4b45904e704) Importer(815301076,1909f56bfc062723c751e8b465ee728b)  -> (artifact id: '933089edf506d2231788d4c6ab2c8604') in 0.013538 seconds 
  Import took 0.018527 seconds .

========================================================================
Received Import Request.
  Time since last request: 0.000305 seconds.
  path: Assets/VICTORASSET/VicAssets/Shop/simple_platformer_tileset_by_kucingbudhug_d9iyp1s (1)_7.asset
  artifactKey: Guid(50e07ce3a61def64b98749b422dc2734) Importer(815301076,1909f56bfc062723c751e8b465ee728b)
Start importing Assets/VICTORASSET/VicAssets/Shop/simple_platformer_tileset_by_kucingbudhug_d9iyp1s (1)_7.asset using Guid(50e07ce3a61def64b98749b422dc2734) Importer(815301076,1909f56bfc062723c751e8b465ee728b)  -> (artifact id: 'a11aabc7330d50165511cb12c8cf1b34') in 0.014418 seconds 
  Import took 0.019329 seconds .

========================================================================
Received Import Request.
  Time since last request: 0.000277 seconds.
  path: Assets/VICTORASSET/VicAssets/Shop/simple_platformer_tileset_by_kucingbudhug_d9iyp1s (1)_16.asset
  artifactKey: Guid(01c601ca520f54247a0d3f02e6d88513) Importer(815301076,1909f56bfc062723c751e8b465ee728b)
Start importing Assets/VICTORASSET/VicAssets/Shop/simple_platformer_tileset_by_kucingbudhug_d9iyp1s (1)_16.asset using Guid(01c601ca520f54247a0d3f02e6d88513) Importer(815301076,1909f56bfc062723c751e8b465ee728b)  -> (artifact id: '1e21237a65411339055093a2adf5e986') in 0.014703 seconds 
  Import took 0.019524 seconds .

========================================================================
Received Import Request.
  Time since last request: 0.000310 seconds.
  path: Assets/VICTORASSET/VicAssets/Shop/simple_platformer_tileset_by_kucingbudhug_d9iyp1s (1)_24.asset
  artifactKey: Guid(396478695cbcc1d468ebf9e020f4b7fd) Importer(815301076,1909f56bfc062723c751e8b465ee728b)
Start importing Assets/VICTORASSET/VicAssets/Shop/simple_platformer_tileset_by_kucingbudhug_d9iyp1s (1)_24.asset using Guid(396478695cbcc1d468ebf9e020f4b7fd) Importer(815301076,1909f56bfc062723c751e8b465ee728b)  -> (artifact id: '0ece7ce915b65c35f276faa10d21368c') in 0.013759 seconds 
  Import took 0.018726 seconds .

========================================================================
Received Import Request.
  Time since last request: 0.000388 seconds.
  path: Assets/VICTORASSET/VicAssets/Shop/simple_platformer_tileset_by_kucingbudhug_d9iyp1s (1)_35.asset
  artifactKey: Guid(60c045751bb47e24badd59753841cb50) Importer(815301076,1909f56bfc062723c751e8b465ee728b)
Start importing Assets/VICTORASSET/VicAssets/Shop/simple_platformer_tileset_by_kucingbudhug_d9iyp1s (1)_35.asset using Guid(60c045751bb47e24badd59753841cb50) Importer(815301076,1909f56bfc062723c751e8b465ee728b)  -> (artifact id: '82d1b74b38d319c8eeffb52116bd3f5c') in 0.014382 seconds 
  Import took 0.019451 seconds .

========================================================================
Received Import Request.
  Time since last request: 0.000270 seconds.
  path: Assets/VICTORASSET/VicAssets/Shop/simple_platformer_tileset_by_kucingbudhug_d9iyp1s (1)_59.asset
  artifactKey: Guid(c4c14fd63ac89d844bf86805eb09dc45) Importer(815301076,1909f56bfc062723c751e8b465ee728b)
Start importing Assets/VICTORASSET/VicAssets/Shop/simple_platformer_tileset_by_kucingbudhug_d9iyp1s (1)_59.asset using Guid(c4c14fd63ac89d844bf86805eb09dc45) Importer(815301076,1909f56bfc062723c751e8b465ee728b)  -> (artifact id: '9b43d2a222595cec8bd5fdb56cf7054f') in 0.013725 seconds 
  Import took 0.018743 seconds .

========================================================================
Received Import Request.
  Time since last request: 0.000383 seconds.
  path: Assets/VICTORASSET/VicAssets/Shop/simple_platformer_tileset_by_kucingbudhug_d9iyp1s (1)_3.asset
  artifactKey: Guid(a00e836c834c36348b123a7d567bcf22) Importer(815301076,1909f56bfc062723c751e8b465ee728b)
Start importing Assets/VICTORASSET/VicAssets/Shop/simple_platformer_tileset_by_kucingbudhug_d9iyp1s (1)_3.asset using Guid(a00e836c834c36348b123a7d567bcf22) Importer(815301076,1909f56bfc062723c751e8b465ee728b)  -> (artifact id: 'de63f7007f9553d7af889213ec0a3d55') in 0.014187 seconds 
  Import took 0.019582 seconds .

========================================================================
Received Import Request.
  Time since last request: 0.000392 seconds.
  path: Assets/VICTORASSET/VicAssets/Shop/simple_platformer_tileset_by_kucingbudhug_d9iyp1s (1)_11.asset
  artifactKey: Guid(91d5a249ef8ceb440a5f8f4e120ef26a) Importer(815301076,1909f56bfc062723c751e8b465ee728b)
Start importing Assets/VICTORASSET/VicAssets/Shop/simple_platformer_tileset_by_kucingbudhug_d9iyp1s (1)_11.asset using Guid(91d5a249ef8ceb440a5f8f4e120ef26a) Importer(815301076,1909f56bfc062723c751e8b465ee728b)  -> (artifact id: 'f6e15186664c4a70ee46494ce5e19038') in 0.015614 seconds 
  Import took 0.020498 seconds .

========================================================================
Received Import Request.
  Time since last request: 0.000333 seconds.
  path: Assets/VICTORASSET/VicAssets/Shop/simple_platformer_tileset_by_kucingbudhug_d9iyp1s (1)_52.asset
  artifactKey: Guid(2346bbc7dec09964eade2111ab354e3d) Importer(815301076,1909f56bfc062723c751e8b465ee728b)
Start importing Assets/VICTORASSET/VicAssets/Shop/simple_platformer_tileset_by_kucingbudhug_d9iyp1s (1)_52.asset using Guid(2346bbc7dec09964eade2111ab354e3d) Importer(815301076,1909f56bfc062723c751e8b465ee728b)  -> (artifact id: 'b586f5924bf2a3e0a712c7c64cac77d5') in 0.013451 seconds 
  Import took 0.018486 seconds .

========================================================================
Received Import Request.
  Time since last request: 0.000318 seconds.
  path: Assets/VICTORASSET/VicAssets/Shop/kindpng_2546464.png
  artifactKey: Guid(9c2dd1c47c8bc43419d004d3195d46eb) Importer(815301076,1909f56bfc062723c751e8b465ee728b)
Start importing Assets/VICTORASSET/VicAssets/Shop/kindpng_2546464.png using Guid(9c2dd1c47c8bc43419d004d3195d46eb) Importer(815301076,1909f56bfc062723c751e8b465ee728b)  -> (artifact id: '17cdb2ed06efb9eb13b41b1c37487b9a') in 0.028275 seconds 
  Import took 0.033023 seconds .

========================================================================
Received Import Request.
  Time since last request: 0.000320 seconds.
  path: Assets/VICTORASSET/VicAssets/Shop/simple_platformer_tileset_by_kucingbudhug_d9iyp1s (1)_2.asset
  artifactKey: Guid(f6c02d69f4197b842b14ad051b3a432b) Importer(815301076,1909f56bfc062723c751e8b465ee728b)
Start importing Assets/VICTORASSET/VicAssets/Shop/simple_platformer_tileset_by_kucingbudhug_d9iyp1s (1)_2.asset using Guid(f6c02d69f4197b842b14ad051b3a432b) Importer(815301076,1909f56bfc062723c751e8b465ee728b)  -> (artifact id: '95c8f5eb5ae67728f6b5ff83f06f3537') in 0.014265 seconds 
  Import took 0.019372 seconds .

========================================================================
Received Import Request.
  Time since last request: 0.000357 seconds.
  path: Assets/VICTORASSET/VicAssets/Shop/simple_platformer_tileset_by_kucingbudhug_d9iyp1s (1)_57.asset
  artifactKey: Guid(a879b275e8aa8d048a5ded6ff8beab68) Importer(815301076,1909f56bfc062723c751e8b465ee728b)
Start importing Assets/VICTORASSET/VicAssets/Shop/simple_platformer_tileset_by_kucingbudhug_d9iyp1s (1)_57.asset using Guid(a879b275e8aa8d048a5ded6ff8beab68) Importer(815301076,1909f56bfc062723c751e8b465ee728b)  -> (artifact id: 'ad3498a22d852d6d36c4dedea02cd0ca') in 0.011526 seconds 
  Import took 0.016302 seconds .

========================================================================
Received Import Request.
  Time since last request: 0.000261 seconds.
  path: Assets/VICTORASSET/VicAssets/Shop/simple_platformer_tileset_by_kucingbudhug_d9iyp1s (1)_14.asset
  artifactKey: Guid(724be8ca18950714294e71adb1aafe91) Importer(815301076,1909f56bfc062723c751e8b465ee728b)
Start importing Assets/VICTORASSET/VicAssets/Shop/simple_platformer_tileset_by_kucingbudhug_d9iyp1s (1)_14.asset using Guid(724be8ca18950714294e71adb1aafe91) Importer(815301076,1909f56bfc062723c751e8b465ee728b)  -> (artifact id: 'c5acbc8f2b8f0e455e98ac2a9e6b5b3c') in 0.013931 seconds 
  Import took 0.019095 seconds .

========================================================================
Received Import Request.
  Time since last request: 0.000390 seconds.
  path: Assets/VICTORASSET/VicAssets/Shop/simple_platformer_tileset_by_kucingbudhug_d9iyp1s (1)_58.asset
  artifactKey: Guid(a559bebb77af69e429362f07b51a2ead) Importer(815301076,1909f56bfc062723c751e8b465ee728b)
Start importing Assets/VICTORASSET/VicAssets/Shop/simple_platformer_tileset_by_kucingbudhug_d9iyp1s (1)_58.asset using Guid(a559bebb77af69e429362f07b51a2ead) Importer(815301076,1909f56bfc062723c751e8b465ee728b)  -> (artifact id: '890f1f354676519f82b04594f5415460') in 0.014378 seconds 
  Import took 0.019559 seconds .

========================================================================
Received Import Request.
  Time since last request: 0.000347 seconds.
  path: Assets/VICTORASSET/VicAssets/Shop/simple_platformer_tileset_by_kucingbudhug_d9iyp1s (1)_5.asset
  artifactKey: Guid(9a6739ed6ac7ffd4d9557e8a9c73be5f) Importer(815301076,1909f56bfc062723c751e8b465ee728b)
Start importing Assets/VICTORASSET/VicAssets/Shop/simple_platformer_tileset_by_kucingbudhug_d9iyp1s (1)_5.asset using Guid(9a6739ed6ac7ffd4d9557e8a9c73be5f) Importer(815301076,1909f56bfc062723c751e8b465ee728b)  -> (artifact id: '3eb0f9c7e3eeeccdc3ae65191e38e35f') in 0.014869 seconds 
  Import took 0.020112 seconds .

========================================================================
Received Import Request.
  Time since last request: 0.000382 seconds.
  path: Assets/VICTORASSET/VicAssets/Shop/simple_platformer_tileset_by_kucingbudhug_d9iyp1s (1)_46.asset
  artifactKey: Guid(509451677806d0a4eb0ee104a8555e32) Importer(815301076,1909f56bfc062723c751e8b465ee728b)
Start importing Assets/VICTORASSET/VicAssets/Shop/simple_platformer_tileset_by_kucingbudhug_d9iyp1s (1)_46.asset using Guid(509451677806d0a4eb0ee104a8555e32) Importer(815301076,1909f56bfc062723c751e8b465ee728b)  -> (artifact id: '2609bb6ade681b8a3a5fa2a93befa71e') in 0.015830 seconds 
  Import took 0.021079 seconds .

========================================================================
Received Import Request.
  Time since last request: 0.000381 seconds.
  path: Assets/VICTORASSET/VicAssets/Shop/simple_platformer_tileset_by_kucingbudhug_d9iyp1s (1)_40.asset
  artifactKey: Guid(0cbbddfa8b27c5548bb9d4c03c5b291e) Importer(815301076,1909f56bfc062723c751e8b465ee728b)
Start importing Assets/VICTORASSET/VicAssets/Shop/simple_platformer_tileset_by_kucingbudhug_d9iyp1s (1)_40.asset using Guid(0cbbddfa8b27c5548bb9d4c03c5b291e) Importer(815301076,1909f56bfc062723c751e8b465ee728b)  -> (artifact id: '30c47ca5500ab523ad2ff2f9c5467db6') in 0.015042 seconds 
  Import took 0.020329 seconds .

========================================================================
Received Import Request.
  Time since last request: 0.000304 seconds.
  path: Assets/VICTORASSET/VicAssets/Shop/simple_platformer_tileset_by_kucingbudhug_d9iyp1s (1)_13.asset
  artifactKey: Guid(472e90b897866014ab5b06b70b488865) Importer(815301076,1909f56bfc062723c751e8b465ee728b)
Start importing Assets/VICTORASSET/VicAssets/Shop/simple_platformer_tileset_by_kucingbudhug_d9iyp1s (1)_13.asset using Guid(472e90b897866014ab5b06b70b488865) Importer(815301076,1909f56bfc062723c751e8b465ee728b)  -> (artifact id: '707856aef89b4be68676d1d6e3aef8d3') in 0.014771 seconds 
  Import took 0.020351 seconds .

========================================================================
Received Import Request.
  Time since last request: 0.000344 seconds.
  path: Assets/VICTORASSET/VicAssets/Shop/simple_platformer_tileset_by_kucingbudhug_d9iyp1s (1)_26.asset
  artifactKey: Guid(8876f513e76bd4641a2ecb0af7e44996) Importer(815301076,1909f56bfc062723c751e8b465ee728b)
Start importing Assets/VICTORASSET/VicAssets/Shop/simple_platformer_tileset_by_kucingbudhug_d9iyp1s (1)_26.asset using Guid(8876f513e76bd4641a2ecb0af7e44996) Importer(815301076,1909f56bfc062723c751e8b465ee728b)  -> (artifact id: '3954c13bc9451796786280fc997b8a17') in 0.013867 seconds 
  Import took 0.018863 seconds .

========================================================================
Received Import Request.
  Time since last request: 0.000350 seconds.
  path: Assets/VICTORASSET/VicAssets/Shop/simple_platformer_tileset_by_kucingbudhug_d9iyp1s (1)_45.asset
  artifactKey: Guid(a27bc994e4aeb90429535d3b657581a2) Importer(815301076,1909f56bfc062723c751e8b465ee728b)
Start importing Assets/VICTORASSET/VicAssets/Shop/simple_platformer_tileset_by_kucingbudhug_d9iyp1s (1)_45.asset using Guid(a27bc994e4aeb90429535d3b657581a2) Importer(815301076,1909f56bfc062723c751e8b465ee728b)  -> (artifact id: 'de931b108c80bd47623006be61b394a8') in 0.012876 seconds 
  Import took 0.017877 seconds .

========================================================================
Received Import Request.
  Time since last request: 0.000400 seconds.
  path: Assets/VICTORASSET/VicAssets/Shop/simple_platformer_tileset_by_kucingbudhug_d9iyp1s (1)_60.asset
  artifactKey: Guid(517a7ca2068254241bc3ed7008e631a5) Importer(815301076,1909f56bfc062723c751e8b465ee728b)
Start importing Assets/VICTORASSET/VicAssets/Shop/simple_platformer_tileset_by_kucingbudhug_d9iyp1s (1)_60.asset using Guid(517a7ca2068254241bc3ed7008e631a5) Importer(815301076,1909f56bfc062723c751e8b465ee728b)  -> (artifact id: 'cc11e0e1e2b8e6cc2cf21e3168776664') in 0.014543 seconds 
  Import took 0.019680 seconds .

========================================================================
Received Import Request.
  Time since last request: 0.000363 seconds.
  path: Assets/VICTORASSET/Olympuss.png
  artifactKey: Guid(c50a524b4e0e6a8438213dda662daa09) Importer(815301076,1909f56bfc062723c751e8b465ee728b)
Start importing Assets/VICTORASSET/Olympuss.png using Guid(c50a524b4e0e6a8438213dda662daa09) Importer(815301076,1909f56bfc062723c751e8b465ee728b)  -> (artifact id: 'e18393eaf773521335b273127fd50a30') in 0.022133 seconds 
  Import took 0.027884 seconds .

========================================================================
Received Import Request.
  Time since last request: 0.000372 seconds.
  path: Assets/VICTORASSET/VicAssets/Shop/simple_platformer_tileset_by_kucingbudhug_d9iyp1s (1)_18.asset
  artifactKey: Guid(9da6b11a1da1a334fa0707ef225f7e1c) Importer(815301076,1909f56bfc062723c751e8b465ee728b)
Start importing Assets/VICTORASSET/VicAssets/Shop/simple_platformer_tileset_by_kucingbudhug_d9iyp1s (1)_18.asset using Guid(9da6b11a1da1a334fa0707ef225f7e1c) Importer(815301076,1909f56bfc062723c751e8b465ee728b)  -> (artifact id: '7e716313a6af3f8d6a603d513724b2ba') in 0.016455 seconds 
  Import took 0.021705 seconds .

========================================================================
Received Import Request.
  Time since last request: 0.000281 seconds.
  path: Assets/VICTORASSET/VicAssets/Shop/simple_platformer_tileset_by_kucingbudhug_d9iyp1s (1).png
  artifactKey: Guid(33bffcf1dd6839f4d837cf71e9fc70e7) Importer(815301076,1909f56bfc062723c751e8b465ee728b)
Start importing Assets/VICTORASSET/VicAssets/Shop/simple_platformer_tileset_by_kucingbudhug_d9iyp1s (1).png using Guid(33bffcf1dd6839f4d837cf71e9fc70e7) Importer(815301076,1909f56bfc062723c751e8b465ee728b)  -> (artifact id: 'e2271d6ee511b70af487ab9074c2aac6') in 0.869763 seconds 
  Import took 0.875427 seconds .

========================================================================
Received Import Request.
  Time since last request: 0.000310 seconds.
  path: Assets/VICTORASSET/VicAssets/Shop/simple_platformer_tileset_by_kucingbudhug_d9iyp1s (1)_1.asset
  artifactKey: Guid(d165aa61810824d46860ed2b3bdfc4c2) Importer(815301076,1909f56bfc062723c751e8b465ee728b)
Start importing Assets/VICTORASSET/VicAssets/Shop/simple_platformer_tileset_by_kucingbudhug_d9iyp1s (1)_1.asset using Guid(d165aa61810824d46860ed2b3bdfc4c2) Importer(815301076,1909f56bfc062723c751e8b465ee728b)  -> (artifact id: '50f59b01d7529de8a7bca25ed39976e5') in 0.013518 seconds 
  Import took 0.017934 seconds .

========================================================================
Received Import Request.
  Time since last request: 0.000263 seconds.
  path: Assets/VICTORASSET/1268190 1.jpg
  artifactKey: Guid(fd0139b20ef8e5640aab0acf4912f376) Importer(815301076,1909f56bfc062723c751e8b465ee728b)
Start importing Assets/VICTORASSET/1268190 1.jpg using Guid(fd0139b20ef8e5640aab0acf4912f376) Importer(815301076,1909f56bfc062723c751e8b465ee728b)  -> (artifact id: 'ca5931285d01e449f85fa4c8e0242841') in 0.024831 seconds 
  Import took 0.030574 seconds .

========================================================================
Received Import Request.
  Time since last request: 0.000295 seconds.
  path: Assets/VICTORASSET/VicAssets/Shop/simple_platformer_tileset_by_kucingbudhug_d9iyp1s (1)_48.asset
  artifactKey: Guid(cc6ddbcdb2db93c42b30e90a16f46297) Importer(815301076,1909f56bfc062723c751e8b465ee728b)
Start importing Assets/VICTORASSET/VicAssets/Shop/simple_platformer_tileset_by_kucingbudhug_d9iyp1s (1)_48.asset using Guid(cc6ddbcdb2db93c42b30e90a16f46297) Importer(815301076,1909f56bfc062723c751e8b465ee728b)  -> (artifact id: 'fb4ab64c7efc508cc70b34d0bb01623e') in 0.019097 seconds 
  Import took 0.025248 seconds .

========================================================================
Received Import Request.
  Time since last request: 0.000341 seconds.
  path: Assets/VICTORASSET/VicAssets/Shop/simple_platformer_tileset_by_kucingbudhug_d9iyp1s (1)_44.asset
  artifactKey: Guid(efc4e0b5968f80c4cb7d98d4381878e6) Importer(815301076,1909f56bfc062723c751e8b465ee728b)
Start importing Assets/VICTORASSET/VicAssets/Shop/simple_platformer_tileset_by_kucingbudhug_d9iyp1s (1)_44.asset using Guid(efc4e0b5968f80c4cb7d98d4381878e6) Importer(815301076,1909f56bfc062723c751e8b465ee728b)  -> (artifact id: '5d26070ce673bb92cfd836fd557cd8ea') in 0.018866 seconds 
  Import took 0.025554 seconds .

========================================================================
Received Import Request.
  Time since last request: 0.000339 seconds.
  path: Assets/VICTORASSET/VicAssets/Shop/simple_platformer_tileset_by_kucingbudhug_d9iyp1s (1)_8.asset
  artifactKey: Guid(f5052a75e7dff3240a4c04e11d55b512) Importer(815301076,1909f56bfc062723c751e8b465ee728b)
Start importing Assets/VICTORASSET/VicAssets/Shop/simple_platformer_tileset_by_kucingbudhug_d9iyp1s (1)_8.asset using Guid(f5052a75e7dff3240a4c04e11d55b512) Importer(815301076,1909f56bfc062723c751e8b465ee728b)  -> (artifact id: 'd5f29ea570d212ebd6362c21ab39529b') in 0.017324 seconds 
  Import took 0.023058 seconds .

========================================================================
Received Import Request.
  Time since last request: 0.000328 seconds.
  path: Assets/VICTORASSET/VicAssets/Shop/simple_platformer_tileset_by_kucingbudhug_d9iyp1s (1)_20.asset
  artifactKey: Guid(a2b519ee6c2c264488937ce17a0e6458) Importer(815301076,1909f56bfc062723c751e8b465ee728b)
Start importing Assets/VICTORASSET/VicAssets/Shop/simple_platformer_tileset_by_kucingbudhug_d9iyp1s (1)_20.asset using Guid(a2b519ee6c2c264488937ce17a0e6458) Importer(815301076,1909f56bfc062723c751e8b465ee728b)  -> (artifact id: '809d287e392b2baee2f1e3feb75cf162') in 0.011079 seconds 
  Import took 0.016675 seconds .

========================================================================
Received Import Request.
  Time since last request: 0.000335 seconds.
  path: Assets/VICTORASSET/VicAssets/Shop/simple_platformer_tileset_by_kucingbudhug_d9iyp1s (1)_42.asset
  artifactKey: Guid(0cf9f9d941d9cd9498fc6fddb0851273) Importer(815301076,1909f56bfc062723c751e8b465ee728b)
Start importing Assets/VICTORASSET/VicAssets/Shop/simple_platformer_tileset_by_kucingbudhug_d9iyp1s (1)_42.asset using Guid(0cf9f9d941d9cd9498fc6fddb0851273) Importer(815301076,1909f56bfc062723c751e8b465ee728b)  -> (artifact id: 'aef342ff757bf4cf4b7bac0a3030e421') in 0.016338 seconds 
  Import took 0.022351 seconds .

========================================================================
Received Import Request.
  Time since last request: 0.000302 seconds.
  path: Assets/VICTORASSET/VicAssets/Shop/simple_platformer_tileset_by_kucingbudhug_d9iyp1s (1)_55.asset
  artifactKey: Guid(2d27d362d00668847ae3e235a3c919b8) Importer(815301076,1909f56bfc062723c751e8b465ee728b)
Start importing Assets/VICTORASSET/VicAssets/Shop/simple_platformer_tileset_by_kucingbudhug_d9iyp1s (1)_55.asset using Guid(2d27d362d00668847ae3e235a3c919b8) Importer(815301076,1909f56bfc062723c751e8b465ee728b)  -> (artifact id: 'c9303e345c75c14fd47b23974021b331') in 0.013888 seconds 
  Import took 0.020290 seconds .

========================================================================
Received Import Request.
  Time since last request: 0.000505 seconds.
  path: Assets/VICTORASSET/VicAssets/Shop/simple_platformer_tileset_by_kucingbudhug_d9iyp1s (1)_4.asset
  artifactKey: Guid(6b2f2bec79bf11940bac3f2f0286a62d) Importer(815301076,1909f56bfc062723c751e8b465ee728b)
Start importing Assets/VICTORASSET/VicAssets/Shop/simple_platformer_tileset_by_kucingbudhug_d9iyp1s (1)_4.asset using Guid(6b2f2bec79bf11940bac3f2f0286a62d) Importer(815301076,1909f56bfc062723c751e8b465ee728b)  -> (artifact id: 'd19d823473887eefa7a950a5df5a2c2f') in 0.018429 seconds 
  Import took 0.024921 seconds .

========================================================================
Received Import Request.
  Time since last request: 0.000341 seconds.
  path: Assets/VICTORASSET/VicAssets/Shop/simple_platformer_tileset_by_kucingbudhug_d9iyp1s (1)_19.asset
  artifactKey: Guid(1029378a07b113744aedeb98f4e856c3) Importer(815301076,1909f56bfc062723c751e8b465ee728b)
Start importing Assets/VICTORASSET/VicAssets/Shop/simple_platformer_tileset_by_kucingbudhug_d9iyp1s (1)_19.asset using Guid(1029378a07b113744aedeb98f4e856c3) Importer(815301076,1909f56bfc062723c751e8b465ee728b)  -> (artifact id: 'fbf10cc45d130525dab22c2a93b5a5cb') in 0.016589 seconds 
  Import took 0.022691 seconds .

========================================================================
Received Import Request.
  Time since last request: 0.000356 seconds.
  path: Assets/VICTORASSET/VicAssets/Shop/simple_platformer_tileset_by_kucingbudhug_d9iyp1s (1)_21.asset
  artifactKey: Guid(d6964dd5f65031c4c9c0d6673a0a0f7e) Importer(815301076,1909f56bfc062723c751e8b465ee728b)
Start importing Assets/VICTORASSET/VicAssets/Shop/simple_platformer_tileset_by_kucingbudhug_d9iyp1s (1)_21.asset using Guid(d6964dd5f65031c4c9c0d6673a0a0f7e) Importer(815301076,1909f56bfc062723c751e8b465ee728b)  -> (artifact id: '55597609c3768f2cb8995a1c9e869c71') in 0.015979 seconds 
  Import took 0.021607 seconds .

========================================================================
Received Import Request.
  Time since last request: 0.000367 seconds.
  path: Assets/VICTORASSET/VicAssets/Shop/simple_platformer_tileset_by_kucingbudhug_d9iyp1s (1)_36.asset
  artifactKey: Guid(fad531a1da05bbb408b8d39b2619494a) Importer(815301076,1909f56bfc062723c751e8b465ee728b)
Start importing Assets/VICTORASSET/VicAssets/Shop/simple_platformer_tileset_by_kucingbudhug_d9iyp1s (1)_36.asset using Guid(fad531a1da05bbb408b8d39b2619494a) Importer(815301076,1909f56bfc062723c751e8b465ee728b)  -> (artifact id: 'eb5b2358c7f1ac8c26fa467eb481eb66') in 0.016372 seconds 
  Import took 0.021738 seconds .

========================================================================
Received Import Request.
  Time since last request: 0.000410 seconds.
  path: Assets/VICTORASSET/VicAssets/Shop/Shop.prefab
  artifactKey: Guid(f92ae6185437d6d46be9cab22c135d9e) Importer(815301076,1909f56bfc062723c751e8b465ee728b)
Start importing Assets/VICTORASSET/VicAssets/Shop/Shop.prefab using Guid(f92ae6185437d6d46be9cab22c135d9e) Importer(815301076,1909f56bfc062723c751e8b465ee728b)  -> (artifact id: '701346269d27f87bf1c7ba47800bb7b7') in 0.062975 seconds 
  Import took 0.068655 seconds .

========================================================================
Received Import Request.
  Time since last request: 0.000293 seconds.
  path: Assets/VICTORASSET/wallpaper_saby_menyhei_15_1920x1080.jpg
  artifactKey: Guid(c59194c350fa2af4d9792b808bc4b477) Importer(815301076,1909f56bfc062723c751e8b465ee728b)
Start importing Assets/VICTORASSET/wallpaper_saby_menyhei_15_1920x1080.jpg using Guid(c59194c350fa2af4d9792b808bc4b477) Importer(815301076,1909f56bfc062723c751e8b465ee728b)  -> (artifact id: 'e7d507bfcfdf84fe50d36d4a82ab57c1') in 0.021498 seconds 
  Import took 0.026986 seconds .

========================================================================
Received Import Request.
  Time since last request: 0.000351 seconds.
  path: Assets/VICTORASSET/VicAssets/Shop/simple_platformer_tileset_by_kucingbudhug_d9iyp1s (1)_25.asset
  artifactKey: Guid(2b2be9eff7a80c6408b3387726b931ae) Importer(815301076,1909f56bfc062723c751e8b465ee728b)
Start importing Assets/VICTORASSET/VicAssets/Shop/simple_platformer_tileset_by_kucingbudhug_d9iyp1s (1)_25.asset using Guid(2b2be9eff7a80c6408b3387726b931ae) Importer(815301076,1909f56bfc062723c751e8b465ee728b)  -> (artifact id: '9efb62ae9be0a492319ddd72ba1507cf') in 0.015135 seconds 
  Import took 0.020928 seconds .

========================================================================
Received Import Request.
  Time since last request: 0.000410 seconds.
  path: Assets/VICTORASSET/VicAssets/Shop/Shop.unity
  artifactKey: Guid(0cc3d5f272952eb46a4eb7401df15b16) Importer(815301076,1909f56bfc062723c751e8b465ee728b)
Start importing Assets/VICTORASSET/VicAssets/Shop/Shop.unity using Guid(0cc3d5f272952eb46a4eb7401df15b16) Importer(815301076,1909f56bfc062723c751e8b465ee728b)  -> (artifact id: '55e5790918abab15efb029c87b3b46c6') in 0.008579 seconds 
  Import took 0.013641 seconds .

========================================================================
Received Import Request.
  Time since last request: 0.000358 seconds.
  path: Assets/VICTORASSET/VicAssets/Shop/Pointer.png
  artifactKey: Guid(e7b0b64d9ca477e4286a0a8be2fe7c60) Importer(815301076,1909f56bfc062723c751e8b465ee728b)
Start importing Assets/VICTORASSET/VicAssets/Shop/Pointer.png using Guid(e7b0b64d9ca477e4286a0a8be2fe7c60) Importer(815301076,1909f56bfc062723c751e8b465ee728b)  -> (artifact id: 'f42afee104220bbc2659ca6558fdd9d3') in 0.020370 seconds 
  Import took 0.025670 seconds .

========================================================================
Received Import Request.
  Time since last request: 0.000385 seconds.
  path: Assets/VICTORASSET/Magic Forest Wallpapers HD Backgrounds Images Pics Photos.jpg
  artifactKey: Guid(99dfba99515915d4b8069128db06dafb) Importer(815301076,1909f56bfc062723c751e8b465ee728b)
Start importing Assets/VICTORASSET/Magic Forest Wallpapers HD Backgrounds Images Pics Photos.jpg using Guid(99dfba99515915d4b8069128db06dafb) Importer(815301076,1909f56bfc062723c751e8b465ee728b)  -> (artifact id: 'b9e1c44cf5d2b9b38a25770914b09dc3') in 0.032162 seconds 
  Import took 0.037722 seconds .

========================================================================
Received Import Request.
  Time since last request: 0.000375 seconds.
  path: Assets/VICTORASSET/VicAssets/Shop/simple_platformer_tileset_by_kucingbudhug_d9iyp1s (1)_32.asset
  artifactKey: Guid(0f1e4b1058d14ae46aa4e2af2edb836e) Importer(815301076,1909f56bfc062723c751e8b465ee728b)
Start importing Assets/VICTORASSET/VicAssets/Shop/simple_platformer_tileset_by_kucingbudhug_d9iyp1s (1)_32.asset using Guid(0f1e4b1058d14ae46aa4e2af2edb836e) Importer(815301076,1909f56bfc062723c751e8b465ee728b)  -> (artifact id: '00c5c8ac631f29380ef5bbdb4ce2b1c3') in 0.013033 seconds 
  Import took 0.018287 seconds .

========================================================================
Received Import Request.
  Time since last request: 0.000427 seconds.
  path: Assets/VICTORASSET/VicAssets/Shop/simple_platformer_tileset_by_kucingbudhug_d9iyp1s (1)_38.asset
  artifactKey: Guid(7944f70881583364fb38b7df57b1a1f5) Importer(815301076,1909f56bfc062723c751e8b465ee728b)
Start importing Assets/VICTORASSET/VicAssets/Shop/simple_platformer_tileset_by_kucingbudhug_d9iyp1s (1)_38.asset using Guid(7944f70881583364fb38b7df57b1a1f5) Importer(815301076,1909f56bfc062723c751e8b465ee728b)  -> (artifact id: 'c0afc94abc411a37de4b2bebabd08dec') in 0.015802 seconds 
  Import took 0.021752 seconds .

========================================================================
Received Import Request.
  Time since last request: 0.000341 seconds.
  path: Assets/VICTORASSET/VicAssets/Shop/simple_platformer_tileset_by_kucingbudhug_d9iyp1s (1)_37.asset
  artifactKey: Guid(732dac87314d3b74687f579a10fe5cb6) Importer(815301076,1909f56bfc062723c751e8b465ee728b)
Start importing Assets/VICTORASSET/VicAssets/Shop/simple_platformer_tileset_by_kucingbudhug_d9iyp1s (1)_37.asset using Guid(732dac87314d3b74687f579a10fe5cb6) Importer(815301076,1909f56bfc062723c751e8b465ee728b)  -> (artifact id: 'dcb651bf882d29b98da9ce56342582dd') in 0.015990 seconds 
  Import took 0.021261 seconds .

========================================================================
Received Import Request.
  Time since last request: 0.000301 seconds.
  path: Assets/VICTORASSET/VicAssets/Shop/simple_platformer_tileset_by_kucingbudhug_d9iyp1s (1)_39.asset
  artifactKey: Guid(ac4cf8b884e492443a9aa8fd9e0e00fa) Importer(815301076,1909f56bfc062723c751e8b465ee728b)
Start importing Assets/VICTORASSET/VicAssets/Shop/simple_platformer_tileset_by_kucingbudhug_d9iyp1s (1)_39.asset using Guid(ac4cf8b884e492443a9aa8fd9e0e00fa) Importer(815301076,1909f56bfc062723c751e8b465ee728b)  -> (artifact id: '71f5205a01e07e135f848e43adb8fcaf') in 0.014585 seconds 
  Import took 0.019792 seconds .

========================================================================
Received Import Request.
  Time since last request: 0.000342 seconds.
  path: Assets/VICTORASSET/VicAssets/Shop/simple_platformer_tileset_by_kucingbudhug_d9iyp1s (1)_41.asset
  artifactKey: Guid(d4fdd4d1e3b935c45bb5972647a7737c) Importer(815301076,1909f56bfc062723c751e8b465ee728b)
Start importing Assets/VICTORASSET/VicAssets/Shop/simple_platformer_tileset_by_kucingbudhug_d9iyp1s (1)_41.asset using Guid(d4fdd4d1e3b935c45bb5972647a7737c) Importer(815301076,1909f56bfc062723c751e8b465ee728b)  -> (artifact id: '8cba741395fd31cf30aea16eeb197994') in 0.016556 seconds 
  Import took 0.022608 seconds .

========================================================================
Received Import Request.
  Time since last request: 0.000403 seconds.
  path: Assets/VICTORASSET/VicAssets/Shop/simple_platformer_tileset_by_kucingbudhug_d9iyp1s (1)_0.asset
  artifactKey: Guid(65e5057710efc7e488274b633be81258) Importer(815301076,1909f56bfc062723c751e8b465ee728b)
Start importing Assets/VICTORASSET/VicAssets/Shop/simple_platformer_tileset_by_kucingbudhug_d9iyp1s (1)_0.asset using Guid(65e5057710efc7e488274b633be81258) Importer(815301076,1909f56bfc062723c751e8b465ee728b)  -> (artifact id: '851173753c1f0c1ee22f231b2a8ec6db') in 0.015221 seconds 
  Import took 0.020612 seconds .

========================================================================
Received Import Request.
  Time since last request: 0.000296 seconds.
  path: Assets/VICTORASSET/VicAssets/Shop/simple_platformer_tileset_by_kucingbudhug_d9iyp1s (1)_9.asset
  artifactKey: Guid(36e9cdc568526244dab7fc27d9351a0d) Importer(815301076,1909f56bfc062723c751e8b465ee728b)
Start importing Assets/VICTORASSET/VicAssets/Shop/simple_platformer_tileset_by_kucingbudhug_d9iyp1s (1)_9.asset using Guid(36e9cdc568526244dab7fc27d9351a0d) Importer(815301076,1909f56bfc062723c751e8b465ee728b)  -> (artifact id: '586b8fa3b57b217c82f55988d9b4c747') in 0.015960 seconds 
  Import took 0.021515 seconds .

========================================================================
Received Import Request.
  Time since last request: 0.000335 seconds.
  path: Assets/VICTORASSET/VicAssets/Shop/simple_platformer_tileset_by_kucingbudhug_d9iyp1s (1)_50.asset
  artifactKey: Guid(48260fcf0a370094a97f5b7719f35ff6) Importer(815301076,1909f56bfc062723c751e8b465ee728b)
Start importing Assets/VICTORASSET/VicAssets/Shop/simple_platformer_tileset_by_kucingbudhug_d9iyp1s (1)_50.asset using Guid(48260fcf0a370094a97f5b7719f35ff6) Importer(815301076,1909f56bfc062723c751e8b465ee728b)  -> (artifact id: '1d8212a05321e035d9d80d65b2738144') in 0.016213 seconds 
  Import took 0.021590 seconds .

========================================================================
Received Import Request.
  Time since last request: 0.000338 seconds.
  path: Assets/VICTORASSET/VicAssets/Shop/simple_platformer_tileset_by_kucingbudhug_d9iyp1s (1)_27.asset
  artifactKey: Guid(23a3a932186d24d40876143bdd1edb1c) Importer(815301076,1909f56bfc062723c751e8b465ee728b)
Start importing Assets/VICTORASSET/VicAssets/Shop/simple_platformer_tileset_by_kucingbudhug_d9iyp1s (1)_27.asset using Guid(23a3a932186d24d40876143bdd1edb1c) Importer(815301076,1909f56bfc062723c751e8b465ee728b)  -> (artifact id: '38842facf9499a53fccd1a2ad194a436') in 0.015263 seconds 
  Import took 0.020492 seconds .

========================================================================
Received Import Request.
  Time since last request: 0.000348 seconds.
  path: Assets/VICTORASSET/VicAssets/Shop/simple_platformer_tileset_by_kucingbudhug_d9iyp1s (1)_51.asset
  artifactKey: Guid(6ffdf92f9ef9dfa4aaea23e3869a1306) Importer(815301076,1909f56bfc062723c751e8b465ee728b)
Start importing Assets/VICTORASSET/VicAssets/Shop/simple_platformer_tileset_by_kucingbudhug_d9iyp1s (1)_51.asset using Guid(6ffdf92f9ef9dfa4aaea23e3869a1306) Importer(815301076,1909f56bfc062723c751e8b465ee728b)  -> (artifact id: 'ef9982924310854ad3c288c8c3720460') in 0.015410 seconds 
  Import took 0.020901 seconds .

========================================================================
Received Import Request.
  Time since last request: 0.000403 seconds.
  path: Assets/VICTORASSET/VicAssets/Shop/simple_platformer_tileset_by_kucingbudhug_d9iyp1s (1)_53.asset
  artifactKey: Guid(1bb9e5eeb7bdae2408096f8b0a43c2ca) Importer(815301076,1909f56bfc062723c751e8b465ee728b)
Start importing Assets/VICTORASSET/VicAssets/Shop/simple_platformer_tileset_by_kucingbudhug_d9iyp1s (1)_53.asset using Guid(1bb9e5eeb7bdae2408096f8b0a43c2ca) Importer(815301076,1909f56bfc062723c751e8b465ee728b)  -> (artifact id: '69bd22da3eb57455adc5db515106e4de') in 0.014852 seconds 
  Import took 0.020229 seconds .

========================================================================
Received Import Request.
  Time since last request: 0.000309 seconds.
  path: Assets/VICTORASSET/VicAssets/Shop/simple_platformer_tileset_by_kucingbudhug_d9iyp1s (1)_15.asset
  artifactKey: Guid(5917087d3d07fc843b05e44d6e7d5222) Importer(815301076,1909f56bfc062723c751e8b465ee728b)
Start importing Assets/VICTORASSET/VicAssets/Shop/simple_platformer_tileset_by_kucingbudhug_d9iyp1s (1)_15.asset using Guid(5917087d3d07fc843b05e44d6e7d5222) Importer(815301076,1909f56bfc062723c751e8b465ee728b)  -> (artifact id: '39eb2a86fa27e00ce9b583d1f58eae13') in 0.015216 seconds 
  Import took 0.021105 seconds .

========================================================================
Received Import Request.
  Time since last request: 0.000362 seconds.
  path: Assets/VICTORASSET/VicAssets/Shop/simple_platformer_tileset_by_kucingbudhug_d9iyp1s (1)_61.asset
  artifactKey: Guid(9544290b4cab7044e80439cbb8c0d505) Importer(815301076,1909f56bfc062723c751e8b465ee728b)
Start importing Assets/VICTORASSET/VicAssets/Shop/simple_platformer_tileset_by_kucingbudhug_d9iyp1s (1)_61.asset using Guid(9544290b4cab7044e80439cbb8c0d505) Importer(815301076,1909f56bfc062723c751e8b465ee728b)  -> (artifact id: 'bdd91335ee4e59aab8ae10efb5e36b58') in 0.016114 seconds 
  Import took 0.021922 seconds .

========================================================================
Received Import Request.
  Time since last request: 0.000310 seconds.
  path: Assets/VICTORASSET/VicAssets/Shop/simple_platformer_tileset_by_kucingbudhug_d9iyp1s (1)_31.asset
  artifactKey: Guid(7a3e385fc855f4948b5ade066e3595c3) Importer(815301076,1909f56bfc062723c751e8b465ee728b)
Start importing Assets/VICTORASSET/VicAssets/Shop/simple_platformer_tileset_by_kucingbudhug_d9iyp1s (1)_31.asset using Guid(7a3e385fc855f4948b5ade066e3595c3) Importer(815301076,1909f56bfc062723c751e8b465ee728b)  -> (artifact id: 'e8a09cdd21c8447b2ab2d0e22084051c') in 0.014715 seconds 
  Import took 0.019918 seconds .

========================================================================
Received Import Request.
  Time since last request: 0.000374 seconds.
  path: Assets/VICTORASSET/VicAssets/Shop/simple_platformer_tileset_by_kucingbudhug_d9iyp1s (1)_12.asset
  artifactKey: Guid(707e3b4921c5f8b44b2ae8358f877476) Importer(815301076,1909f56bfc062723c751e8b465ee728b)
Start importing Assets/VICTORASSET/VicAssets/Shop/simple_platformer_tileset_by_kucingbudhug_d9iyp1s (1)_12.asset using Guid(707e3b4921c5f8b44b2ae8358f877476) Importer(815301076,1909f56bfc062723c751e8b465ee728b)  -> (artifact id: 'ccbe63f7e4c95499968cddbf019d3609') in 0.015395 seconds 
  Import took 0.021435 seconds .

========================================================================
Received Import Request.
  Time since last request: 0.000419 seconds.
  path: Assets/VICTORASSET/VicAssets/Shop/simple_platformer_tileset_by_kucingbudhug_d9iyp1s (1)_49.asset
  artifactKey: Guid(5ebd1d6545e5c44408931c47e5176a7e) Importer(815301076,1909f56bfc062723c751e8b465ee728b)
Start importing Assets/VICTORASSET/VicAssets/Shop/simple_platformer_tileset_by_kucingbudhug_d9iyp1s (1)_49.asset using Guid(5ebd1d6545e5c44408931c47e5176a7e) Importer(815301076,1909f56bfc062723c751e8b465ee728b)  -> (artifact id: 'd3114b29d64993cd9563fd379c240080') in 0.016256 seconds 
  Import took 0.021658 seconds .

========================================================================
Received Import Request.
  Time since last request: 0.000297 seconds.
  path: Assets/VICTORASSET/VicAssets/Shop/simple_platformer_tileset_by_kucingbudhug_d9iyp1s (1)_47.asset
  artifactKey: Guid(bba60788ce7005c49bd481aa347c4b67) Importer(815301076,1909f56bfc062723c751e8b465ee728b)
Start importing Assets/VICTORASSET/VicAssets/Shop/simple_platformer_tileset_by_kucingbudhug_d9iyp1s (1)_47.asset using Guid(bba60788ce7005c49bd481aa347c4b67) Importer(815301076,1909f56bfc062723c751e8b465ee728b)  -> (artifact id: '961516ce6793e5c6778023e1c4f85fe8') in 0.015082 seconds 
  Import took 0.020362 seconds .

========================================================================
Received Import Request.
  Time since last request: 0.000337 seconds.
  path: Assets/VICTORASSET/1219623.jpg
  artifactKey: Guid(cf19d4a274319ad49a25166833410de6) Importer(815301076,1909f56bfc062723c751e8b465ee728b)
Start importing Assets/VICTORASSET/1219623.jpg using Guid(cf19d4a274319ad49a25166833410de6) Importer(815301076,1909f56bfc062723c751e8b465ee728b)  -> (artifact id: '456a32c351cbee0a750f03bacd805952') in 0.024449 seconds 
  Import took 0.030310 seconds .

========================================================================
Received Import Request.
  Time since last request: 0.000338 seconds.
  path: Assets/VICTORASSET/VicAssets/Shop/simple_platformer_tileset_by_kucingbudhug_d9iyp1s (1)_23.asset
  artifactKey: Guid(a00d7b3ebe17ac44f8f190f4b2a82b8d) Importer(815301076,1909f56bfc062723c751e8b465ee728b)
Start importing Assets/VICTORASSET/VicAssets/Shop/simple_platformer_tileset_by_kucingbudhug_d9iyp1s (1)_23.asset using Guid(a00d7b3ebe17ac44f8f190f4b2a82b8d) Importer(815301076,1909f56bfc062723c751e8b465ee728b)  -> (artifact id: '19bf304de61c6e5328801397645be405') in 0.015859 seconds 
  Import took 0.021507 seconds .

========================================================================
Received Import Request.
  Time since last request: 0.000276 seconds.
  path: Assets/VICTORASSET/VicAssets/1219623 1.jpg
  artifactKey: Guid(3267a6f91331e2d47a8a17bd9381df7d) Importer(815301076,1909f56bfc062723c751e8b465ee728b)
Start importing Assets/VICTORASSET/VicAssets/1219623 1.jpg using Guid(3267a6f91331e2d47a8a17bd9381df7d) Importer(815301076,1909f56bfc062723c751e8b465ee728b)  -> (artifact id: 'd8208501cecf326e4afb93d657a781d7') in 0.023580 seconds 
  Import took 0.028950 seconds .

========================================================================
Received Import Request.
  Time since last request: 0.000327 seconds.
  path: Assets/VICTORASSET/VicAssets/Shop/simple_platformer_tileset_by_kucingbudhug_d9iyp1s (1)_34.asset
  artifactKey: Guid(d0e601beea97a1c4fbcc85edc2f7c0c2) Importer(815301076,1909f56bfc062723c751e8b465ee728b)
Start importing Assets/VICTORASSET/VicAssets/Shop/simple_platformer_tileset_by_kucingbudhug_d9iyp1s (1)_34.asset using Guid(d0e601beea97a1c4fbcc85edc2f7c0c2) Importer(815301076,1909f56bfc062723c751e8b465ee728b)  -> (artifact id: '7100d9c867f9203a42b5c0d360364c24') in 0.016768 seconds 
  Import took 0.022085 seconds .

========================================================================
Received Import Request.
  Time since last request: 0.000410 seconds.
  path: Assets/VICTORASSET/VicAssets/Shop
  artifactKey: Guid(28f95d43db84ae14682458db788bc833) Importer(815301076,1909f56bfc062723c751e8b465ee728b)
Start importing Assets/VICTORASSET/VicAssets/Shop using Guid(28f95d43db84ae14682458db788bc833) Importer(815301076,1909f56bfc062723c751e8b465ee728b)  -> (artifact id: '7ce7618d772c75850317afc859d4a1d3') in 0.003285 seconds 
  Import took 0.008554 seconds .

========================================================================
Received Import Request.
  Time since last request: 0.000320 seconds.
  path: Assets/VICTORASSET/VicAssets/Shop/simple_platformer_tileset_by_kucingbudhug_d9iyp1s (1)_56.asset
  artifactKey: Guid(0c5ca8c2cdcc8a8409f926d20d1bba01) Importer(815301076,1909f56bfc062723c751e8b465ee728b)
Start importing Assets/VICTORASSET/VicAssets/Shop/simple_platformer_tileset_by_kucingbudhug_d9iyp1s (1)_56.asset using Guid(0c5ca8c2cdcc8a8409f926d20d1bba01) Importer(815301076,1909f56bfc062723c751e8b465ee728b)  -> (artifact id: '9c3f27dadf020d5be3b16797804d0be8') in 0.014863 seconds 
  Import took 0.020071 seconds .

========================================================================
Received Import Request.
  Time since last request: 0.000403 seconds.
  path: Assets/VICTORASSET/VicAssets/Shop/simple_platformer_tileset_by_kucingbudhug_d9iyp1s (1)_10.asset
  artifactKey: Guid(c04730c0fc1d94646b6812aae5d221c6) Importer(815301076,1909f56bfc062723c751e8b465ee728b)
Start importing Assets/VICTORASSET/VicAssets/Shop/simple_platformer_tileset_by_kucingbudhug_d9iyp1s (1)_10.asset using Guid(c04730c0fc1d94646b6812aae5d221c6) Importer(815301076,1909f56bfc062723c751e8b465ee728b)  -> (artifact id: '0cba370dce7e4e91446d8652b3050765') in 0.016836 seconds 
  Import took 0.023398 seconds .

========================================================================
Received Import Request.
  Time since last request: 0.000326 seconds.
  path: Assets/VICTORASSET/VicAssets/Shop/simple_platformer_tileset_by_kucingbudhug_d9iyp1s (1)_28.asset
  artifactKey: Guid(b65a99b35410a7b44807d57309e38e33) Importer(815301076,1909f56bfc062723c751e8b465ee728b)
Start importing Assets/VICTORASSET/VicAssets/Shop/simple_platformer_tileset_by_kucingbudhug_d9iyp1s (1)_28.asset using Guid(b65a99b35410a7b44807d57309e38e33) Importer(815301076,1909f56bfc062723c751e8b465ee728b)  -> (artifact id: 'e21ab74fdb1018101fafc6d1cf359afe') in 0.016436 seconds 
  Import took 0.021872 seconds .

========================================================================
Received Import Request.
  Time since last request: 0.000415 seconds.
  path: Assets/VICTORASSET/VicAssets/Shop/simple_platformer_tileset_by_kucingbudhug_d9iyp1s (1)_54.asset
  artifactKey: Guid(73562d48052852049850f30673c805d8) Importer(815301076,1909f56bfc062723c751e8b465ee728b)
Start importing Assets/VICTORASSET/VicAssets/Shop/simple_platformer_tileset_by_kucingbudhug_d9iyp1s (1)_54.asset using Guid(73562d48052852049850f30673c805d8) Importer(815301076,1909f56bfc062723c751e8b465ee728b)  -> (artifact id: '7dd888305e282e084e89da3c43cee76f') in 0.015556 seconds 
  Import took 0.021676 seconds .

========================================================================
Received Import Request.
  Time since last request: 0.000331 seconds.
  path: Assets/VICTORASSET/VicAssets/Shop/simple_platformer_tileset_by_kucingbudhug_d9iyp1s (1)_62.asset
  artifactKey: Guid(200ee80796d1d4049bf1d9c198d13d86) Importer(815301076,1909f56bfc062723c751e8b465ee728b)
Start importing Assets/VICTORASSET/VicAssets/Shop/simple_platformer_tileset_by_kucingbudhug_d9iyp1s (1)_62.asset using Guid(200ee80796d1d4049bf1d9c198d13d86) Importer(815301076,1909f56bfc062723c751e8b465ee728b)  -> (artifact id: '26a06efebe1fb5802bc130810eacc83d') in 0.015012 seconds 
  Import took 0.020795 seconds .

========================================================================
Received Import Request.
  Time since last request: 0.000326 seconds.
  path: Assets/VICTORASSET/VicAssets/Shop/simple_platformer_tileset_by_kucingbudhug_d9iyp1s (1)_22.asset
  artifactKey: Guid(c51b94eb558067647b196a624cda01fd) Importer(815301076,1909f56bfc062723c751e8b465ee728b)
Start importing Assets/VICTORASSET/VicAssets/Shop/simple_platformer_tileset_by_kucingbudhug_d9iyp1s (1)_22.asset using Guid(c51b94eb558067647b196a624cda01fd) Importer(815301076,1909f56bfc062723c751e8b465ee728b)  -> (artifact id: 'd1ab4040a85ad5b704f9528fd069657f') in 0.016016 seconds 
  Import took 0.021246 seconds .

========================================================================
Received Import Request.
  Time since last request: 0.000303 seconds.
  path: Assets/VICTORASSET/VicAssets/Shop/REALshop.prefab
  artifactKey: Guid(c2c1a9e9be237614c954a0c6ede4b95d) Importer(815301076,1909f56bfc062723c751e8b465ee728b)
Start importing Assets/VICTORASSET/VicAssets/Shop/REALshop.prefab using Guid(c2c1a9e9be237614c954a0c6ede4b95d) Importer(815301076,1909f56bfc062723c751e8b465ee728b)  -> (artifact id: '6850a6e48a1228f1cc0ead0fdb5ef791') in 0.161089 seconds 
  Import took 0.170080 seconds .

AssetImportWorkerClient::OnTransportError - code=2 error=End of file
